MMS Laplacian convergence:
  N,h,L2err:
 [[1.70000000e+01 6.25000000e-02 1.71678103e-03]
 [3.30000000e+01 3.12500000e-02 4.14749770e-04]
 [6.50000000e+01 1.56250000e-02 1.02004729e-04]
 [1.29000000e+02 7.81250000e-03 2.52980994e-05]
 [2.57000000e+02 3.90625000e-03 6.29958022e-06]]
  observed orders: [2.04939296 2.02360515 2.01153513 2.0057014 ]
Primary-vortex psi self-convergence (Re=100):
  conv Re=100.0 N=33 psi_min=-0.100381 iters=6000
  conv Re=100.0 N=65 psi_min=-0.102723 iters=22000
  conv Re=100.0 N=129 psi_min=-0.103325 iters=85000
  conv Re=100.0 N=257 psi_min=-0.103473 iters=338000
Summary: {
  "mms_orders": [
    2.0493929575768517,
    2.0236051468156666,
    2.011535126638345,
    2.0057014013085586
  ],
  "mms_order_mean": 2.0136138915875232,
  "psi_richardson_orders": [
    1.9616518792823363,
    2.014422872455787
  ],
  "psi_observed_order": 2.014422872455787,
  "psi_extrapolated": -0.10352244287179532,
  "psi_finest": -0.10347349232971809
}
